<?xml version="1.0" encoding="UTF-8"?>
<testng-results skipped="0" failed="2" total="2" passed="0">
  <reporter-output>
  </reporter-output>
  <suite name="Suite" duration-ms="165196" started-at="2018-09-17T07:00:27Z" finished-at="2018-09-17T07:03:12Z">
    <groups>
    </groups>
    <test name="Test" duration-ms="165196" started-at="2018-09-17T07:00:27Z" finished-at="2018-09-17T07:03:12Z">
      <class name="com.actTime.CustomerTest.CreateCustomerInFrame">
        <test-method status="PASS" signature="configBS()[pri:0, instance:com.actTime.CustomerTest.CreateCustomerInFrame@3532ec19]" name="configBS" is-config="true" duration-ms="55" started-at="2018-09-17T12:30:27Z" finished-at="2018-09-17T12:30:27Z">
          <reporter-output>
          </reporter-output>
        </test-method> <!-- configBS -->
        <test-method status="PASS" signature="configBC()[pri:0, instance:com.actTime.CustomerTest.CreateCustomerInFrame@3532ec19]" name="configBC" is-config="true" duration-ms="21224" started-at="2018-09-17T12:30:27Z" finished-at="2018-09-17T12:30:48Z">
          <reporter-output>
          </reporter-output>
        </test-method> <!-- configBC -->
        <test-method status="PASS" signature="confiqBM()[pri:0, instance:com.actTime.CustomerTest.CreateCustomerInFrame@3532ec19]" name="confiqBM" is-config="true" duration-ms="3870" started-at="2018-09-17T12:30:48Z" finished-at="2018-09-17T12:30:52Z">
          <reporter-output>
          </reporter-output>
        </test-method> <!-- confiqBM -->
        <test-method status="FAIL" signature="createCustomerTest()[pri:0, instance:com.actTime.CustomerTest.CreateCustomerInFrame@3532ec19]" name="createCustomerTest" duration-ms="125518" started-at="2018-09-17T12:30:52Z" finished-at="2018-09-17T12:32:58Z">
          <exception class="org.openqa.selenium.NoSuchElementException">
            <message>
              <![CDATA[Unable to locate element: {"method":"link text","selector":"Projects & Customers"}
Command duration or timeout: 120.81 seconds
For documentation on this error, please visit: http://seleniumhq.org/exceptions/no_such_element.html
Build info: version: '2.53.1', revision: 'a36b8b1', time: '2016-06-30 17:32:46'
System info: host: 'Priya', ip: '192.168.0.13', os.name: 'Windows 8.1', os.arch: 'amd64', os.version: '6.3', java.version: '1.8.0_181'
Driver info: org.openqa.selenium.firefox.FirefoxDriver
Capabilities [{applicationCacheEnabled=true, rotatable=false, handlesAlerts=true, databaseEnabled=true, version=45.0, platform=WINDOWS, nativeEvents=false, acceptSslCerts=true, webStorageEnabled=true, locationContextEnabled=true, browserName=firefox, takesScreenshot=true, javascriptEnabled=true, cssSelectorsEnabled=true}]
Session ID: 5939d59a-2a8d-4a45-93a7-fd357a889ba8
*** Element info: {Using=link text, value=Projects & Customers}]]>
            </message>
            <full-stacktrace>
              <![CDATA[org.openqa.selenium.NoSuchElementException: Unable to locate element: {"method":"link text","selector":"Projects & Customers"}
Command duration or timeout: 120.81 seconds
For documentation on this error, please visit: http://seleniumhq.org/exceptions/no_such_element.html
Build info: version: '2.53.1', revision: 'a36b8b1', time: '2016-06-30 17:32:46'
System info: host: 'Priya', ip: '192.168.0.13', os.name: 'Windows 8.1', os.arch: 'amd64', os.version: '6.3', java.version: '1.8.0_181'
Driver info: org.openqa.selenium.firefox.FirefoxDriver
Capabilities [{applicationCacheEnabled=true, rotatable=false, handlesAlerts=true, databaseEnabled=true, version=45.0, platform=WINDOWS, nativeEvents=false, acceptSslCerts=true, webStorageEnabled=true, locationContextEnabled=true, browserName=firefox, takesScreenshot=true, javascriptEnabled=true, cssSelectorsEnabled=true}]
Session ID: 5939d59a-2a8d-4a45-93a7-fd357a889ba8
*** Element info: {Using=link text, value=Projects & Customers}
	at sun.reflect.NativeConstructorAccessorImpl.newInstance0(Native Method)
	at sun.reflect.NativeConstructorAccessorImpl.newInstance(Unknown Source)
	at sun.reflect.DelegatingConstructorAccessorImpl.newInstance(Unknown Source)
	at java.lang.reflect.Constructor.newInstance(Unknown Source)
	at org.openqa.selenium.remote.ErrorHandler.createThrowable(ErrorHandler.java:206)
	at org.openqa.selenium.remote.ErrorHandler.throwIfResponseFailed(ErrorHandler.java:158)
	at org.openqa.selenium.remote.RemoteWebDriver.execute(RemoteWebDriver.java:678)
	at org.openqa.selenium.remote.RemoteWebDriver.findElement(RemoteWebDriver.java:363)
	at org.openqa.selenium.remote.RemoteWebDriver.findElementByLinkText(RemoteWebDriver.java:428)
	at org.openqa.selenium.By$ByLinkText.findElement(By.java:246)
	at org.openqa.selenium.remote.RemoteWebDriver.findElement(RemoteWebDriver.java:355)
	at org.openqa.selenium.support.pagefactory.DefaultElementLocator.findElement(DefaultElementLocator.java:69)
	at org.openqa.selenium.support.pagefactory.internal.LocatingElementHandler.invoke(LocatingElementHandler.java:38)
	at com.sun.proxy.$Proxy11.click(Unknown Source)
	at com.actTime.objectRepository.OpenTaskPage.navigateToProjAndCustomerPage(OpenTaskPage.java:13)
	at com.actTime.CustomerTest.CreateCustomerInFrame.createCustomerTest(CreateCustomerInFrame.java:29)
	at sun.reflect.NativeMethodAccessorImpl.invoke0(Native Method)
	at sun.reflect.NativeMethodAccessorImpl.invoke(Unknown Source)
	at sun.reflect.DelegatingMethodAccessorImpl.invoke(Unknown Source)
	at java.lang.reflect.Method.invoke(Unknown Source)
	at org.testng.internal.MethodInvocationHelper.invokeMethod(MethodInvocationHelper.java:85)
	at org.testng.internal.Invoker.invokeMethod(Invoker.java:639)
	at org.testng.internal.Invoker.invokeTestMethod(Invoker.java:816)
	at org.testng.internal.Invoker.invokeTestMethods(Invoker.java:1124)
	at org.testng.internal.TestMethodWorker.invokeTestMethods(TestMethodWorker.java:125)
	at org.testng.internal.TestMethodWorker.run(TestMethodWorker.java:108)
	at org.testng.TestRunner.privateRun(TestRunner.java:774)
	at org.testng.TestRunner.run(TestRunner.java:624)
	at org.testng.SuiteRunner.runTest(SuiteRunner.java:359)
	at org.testng.SuiteRunner.runSequentially(SuiteRunner.java:354)
	at org.testng.SuiteRunner.privateRun(SuiteRunner.java:312)
	at org.testng.SuiteRunner.run(SuiteRunner.java:261)
	at org.testng.SuiteRunnerWorker.runSuite(SuiteRunnerWorker.java:52)
	at org.testng.SuiteRunnerWorker.run(SuiteRunnerWorker.java:86)
	at org.testng.TestNG.runSuitesSequentially(TestNG.java:1215)
	at org.testng.TestNG.runSuitesLocally(TestNG.java:1140)
	at org.testng.TestNG.run(TestNG.java:1048)
	at org.testng.remote.AbstractRemoteTestNG.run(AbstractRemoteTestNG.java:114)
	at org.testng.remote.RemoteTestNG.initAndRun(RemoteTestNG.java:251)
	at org.testng.remote.RemoteTestNG.main(RemoteTestNG.java:77)
Caused by: org.openqa.selenium.NoSuchElementException: Unable to locate element: {"method":"link text","selector":"Projects & Customers"}
For documentation on this error, please visit: http://seleniumhq.org/exceptions/no_such_element.html
Build info: version: '2.53.1', revision: 'a36b8b1', time: '2016-06-30 17:32:46'
System info: host: 'Priya', ip: '192.168.0.13', os.name: 'Windows 8.1', os.arch: 'amd64', os.version: '6.3', java.version: '1.8.0_181'
Driver info: driver.version: unknown
	at <anonymous class>.FirefoxDriver.prototype.findElementInternal_(file:///C:/Users/Priyanka/AppData/Local/Temp/anonymous7795562837657605657webdriver-profile/extensions/fxdriver@googlecode.com/components/driver-component.js:10770)
	at <anonymous class>.fxdriver.Timer.prototype.setTimeout/<.notify(file:///C:/Users/Priyanka/AppData/Local/Temp/anonymous7795562837657605657webdriver-profile/extensions/fxdriver@googlecode.com/components/driver-component.js:625)
]]>
            </full-stacktrace>
          </exception> <!-- org.openqa.selenium.NoSuchElementException -->
          <reporter-output>
          </reporter-output>
        </test-method> <!-- createCustomerTest -->
        <test-method status="PASS" signature="confiqAM()[pri:0, instance:com.actTime.CustomerTest.CreateCustomerInFrame@3532ec19]" name="confiqAM" is-config="true" duration-ms="968" started-at="2018-09-17T12:32:58Z" finished-at="2018-09-17T12:32:59Z">
          <reporter-output>
          </reporter-output>
        </test-method> <!-- confiqAM -->
        <test-method status="PASS" signature="confiqBM()[pri:0, instance:com.actTime.CustomerTest.CreateCustomerInFrame@3532ec19]" name="confiqBM" is-config="true" duration-ms="2845" started-at="2018-09-17T12:32:59Z" finished-at="2018-09-17T12:33:02Z">
          <reporter-output>
          </reporter-output>
        </test-method> <!-- confiqBM -->
        <test-method status="FAIL" signature="createCustomerWithDespTest()[pri:0, instance:com.actTime.CustomerTest.CreateCustomerInFrame@3532ec19]" name="createCustomerWithDespTest" duration-ms="8862" started-at="2018-09-17T12:33:02Z" finished-at="2018-09-17T12:33:11Z">
          <exception class="java.lang.NullPointerException">
            <full-stacktrace>
              <![CDATA[java.lang.NullPointerException
	at com.actTime.objectRepository.ActiveProjectAndCustomerPage.navigateToCustomerPage(ActiveProjectAndCustomerPage.java:14)
	at com.actTime.CustomerTest.CreateCustomerInFrame.createCustomerWithDespTest(CreateCustomerInFrame.java:57)
	at sun.reflect.NativeMethodAccessorImpl.invoke0(Native Method)
	at sun.reflect.NativeMethodAccessorImpl.invoke(Unknown Source)
	at sun.reflect.DelegatingMethodAccessorImpl.invoke(Unknown Source)
	at java.lang.reflect.Method.invoke(Unknown Source)
	at org.testng.internal.MethodInvocationHelper.invokeMethod(MethodInvocationHelper.java:85)
	at org.testng.internal.Invoker.invokeMethod(Invoker.java:639)
	at org.testng.internal.Invoker.invokeTestMethod(Invoker.java:816)
	at org.testng.internal.Invoker.invokeTestMethods(Invoker.java:1124)
	at org.testng.internal.TestMethodWorker.invokeTestMethods(TestMethodWorker.java:125)
	at org.testng.internal.TestMethodWorker.run(TestMethodWorker.java:108)
	at org.testng.TestRunner.privateRun(TestRunner.java:774)
	at org.testng.TestRunner.run(TestRunner.java:624)
	at org.testng.SuiteRunner.runTest(SuiteRunner.java:359)
	at org.testng.SuiteRunner.runSequentially(SuiteRunner.java:354)
	at org.testng.SuiteRunner.privateRun(SuiteRunner.java:312)
	at org.testng.SuiteRunner.run(SuiteRunner.java:261)
	at org.testng.SuiteRunnerWorker.runSuite(SuiteRunnerWorker.java:52)
	at org.testng.SuiteRunnerWorker.run(SuiteRunnerWorker.java:86)
	at org.testng.TestNG.runSuitesSequentially(TestNG.java:1215)
	at org.testng.TestNG.runSuitesLocally(TestNG.java:1140)
	at org.testng.TestNG.run(TestNG.java:1048)
	at org.testng.remote.AbstractRemoteTestNG.run(AbstractRemoteTestNG.java:114)
	at org.testng.remote.RemoteTestNG.initAndRun(RemoteTestNG.java:251)
	at org.testng.remote.RemoteTestNG.main(RemoteTestNG.java:77)
]]>
            </full-stacktrace>
          </exception> <!-- java.lang.NullPointerException -->
          <reporter-output>
          </reporter-output>
        </test-method> <!-- createCustomerWithDespTest -->
        <test-method status="PASS" signature="confiqAM()[pri:0, instance:com.actTime.CustomerTest.CreateCustomerInFrame@3532ec19]" name="confiqAM" is-config="true" duration-ms="1289" started-at="2018-09-17T12:33:11Z" finished-at="2018-09-17T12:33:12Z">
          <reporter-output>
          </reporter-output>
        </test-method> <!-- confiqAM -->
        <test-method status="PASS" signature="confiqAC()[pri:0, instance:com.actTime.CustomerTest.CreateCustomerInFrame@3532ec19]" name="confiqAC" is-config="true" duration-ms="504" started-at="2018-09-17T12:33:12Z" finished-at="2018-09-17T12:33:12Z">
          <reporter-output>
          </reporter-output>
        </test-method> <!-- confiqAC -->
        <test-method status="PASS" signature="confiqAS()[pri:0, instance:com.actTime.CustomerTest.CreateCustomerInFrame@3532ec19]" name="confiqAS" is-config="true" duration-ms="1" started-at="2018-09-17T12:33:12Z" finished-at="2018-09-17T12:33:13Z">
          <reporter-output>
          </reporter-output>
        </test-method> <!-- confiqAS -->
      </class> <!-- com.actTime.CustomerTest.CreateCustomerInFrame -->
    </test> <!-- Test -->
  </suite> <!-- Suite -->
</testng-results>
